2025/01/13 06:55:31 Starting cygwin install, version 2.932
2025/01/13 06:55:31 User has backup/restore rights
2025/01/13 06:55:31 User has symlink creation right
2025/01/13 06:55:31 io_stream_cygfile: fopen(/etc/setup/setup.rc) failed 2 No such file or directory
2025/01/13 06:55:31 Current Directory: C:\Users\user1\Downloads
2025/01/13 06:55:38 source: download
2025/01/13 06:55:39 Selected local directory: C:\Users\user1\Downloads
2025/01/13 06:55:44 net: Direct
2025/01/13 06:55:50 site: https://mirrors.163.com/cygwin/
2025/01/13 06:55:56 io_stream_cygfile: fopen(/etc/setup/timestamp) failed 2 No such file or directory
2025/01/13 06:55:56 io_stream_cygfile: fopen(/etc/setup/installed.db) failed 2 No such file or directory
2025/01/13 06:56:00 solving: 38 tasks, update: yes, use test packages: no
2025/01/13 06:56:22 solving: 75 tasks, update: no, use test packages: no
2025/01/13 06:56:22 Augmented Transaction List:
2025/01/13 06:56:22    0 install libpopt-common  1.19-1                   
2025/01/13 06:56:22    1 install terminfo        6.5+20240427-1           
2025/01/13 06:56:22    2 install tzdata          2024b-1                  
2025/01/13 06:56:22    3 install cygwin          3.5.5-1                  
2025/01/13 06:56:22    4 install libiconv2       1.17-1                   
2025/01/13 06:56:22    5 install libintl8        0.22.5-1                 
2025/01/13 06:56:22    6 install libncursesw10   6.5+20240427-1           
2025/01/13 06:56:22    7 install libreadline7    8.2-2                    
2025/01/13 06:56:22    8 install bash            5.2.21-1                 
2025/01/13 06:56:22    9 install libgcc1         12.4.0-3                 
2025/01/13 06:56:22   10 install crypto-policies 20190218-1               
2025/01/13 06:56:22   11 install base-cygwin     3.8-2                    
2025/01/13 06:56:22   12 install libzstd1        1.5.6-1                  
2025/01/13 06:56:22   13 install zlib0           1.3.1-1                  
2025/01/13 06:56:22   14 install which           2.20-2                   
2025/01/13 06:56:22   15 install vim-minimal     9.0.2155-2               
2025/01/13 06:56:22   16 install tzcode          2024b-1                  
2025/01/13 06:56:22   17 install sed             4.9-1                    
2025/01/13 06:56:22   18 install run             1.3.4-2                  
2025/01/13 06:56:22   19 install ncurses         6.5+20240427-1           
2025/01/13 06:56:22   20 install mintty          3.7.7-1                  
2025/01/13 06:56:22   21 install login           1.13-1                   
2025/01/13 06:56:22   22 install libuuid1        2.39.3-2                 
2025/01/13 06:56:22   23 install libtasn1_6      4.14-1                   
2025/01/13 06:56:22   24 install libstdc++6      12.4.0-3                 
2025/01/13 06:56:22   25 install libsmartcols1   2.39.3-2                 
2025/01/13 06:56:22   26 install libpopt0        1.19-1                   
2025/01/13 06:56:22   27 install libpipeline1    1.5.6-1                  
2025/01/13 06:56:22   28 install libpcre2_8_0    10.44-1                  
2025/01/13 06:56:22   29 install libpcre1        8.45-1                   
2025/01/13 06:56:22   30 install liblzma5        5.6.3-1                  
2025/01/13 06:56:22   31 install liblz4_1        1.9.4-1                  
2025/01/13 06:56:22   32 install libgmp10        6.3.0-1                  
2025/01/13 06:56:22   33 install libgdbm6        1.24-1                   
2025/01/13 06:56:22   34 install libffi6         3.2.1-2                  
2025/01/13 06:56:22   35 install libbz2_1        1.0.8-1                  
2025/01/13 06:56:22   36 install libblkid1       2.39.3-2                 
2025/01/13 06:56:22   37 install libattr1        2.5.1-1.20.g0981a7bfe487 
2025/01/13 06:56:22   38 install libargp         20230708-2               
2025/01/13 06:56:22   39 install ipc-utils       1.1-1                    
2025/01/13 06:56:22   40 install hostname        3.13-1                   
2025/01/13 06:56:22   41 install gzip            1.13-1                   
2025/01/13 06:56:22   42 install editrights      1.04-1                   
2025/01/13 06:56:22   43 install diffutils       3.10-1                   
2025/01/13 06:56:22   44 install dash            0.5.12-5                 
2025/01/13 06:56:22   45 install alternatives    1.31-1                   
2025/01/13 06:56:22   46 install libuchardet0    0.0.8-1                  
2025/01/13 06:56:22   47 install cygutils        1.4.17-1                 
2025/01/13 06:56:22   48 install grep            3.11-1                   
2025/01/13 06:56:22   49 install less            668-1                    
2025/01/13 06:56:22   50 install xz              5.6.3-1                  
2025/01/13 06:56:22   51 install zstd            1.5.6-1                  
2025/01/13 06:56:22   52 install libmpfr6        4.2.1-1                  
2025/01/13 06:56:22   53 install libp11-kit0     0.23.20-1                
2025/01/13 06:56:22   54 install file            5.44-1                   
2025/01/13 06:56:22   55 install bzip2           1.0.8-1                  
2025/01/13 06:56:22   56 install libfdisk1       2.39.3-2                 
2025/01/13 06:56:22   57 install coreutils       9.0-1                    
2025/01/13 06:56:22   58 install getent          2.18.90-5                
2025/01/13 06:56:22   59 install rebase          4.6.6-1                  
2025/01/13 06:56:22   60 install info            7.1-2                    
2025/01/13 06:56:22   61 install _autorebase     001091-1                 
2025/01/13 06:56:22   62 install groff           1.23.0-1                 
2025/01/13 06:56:22   63 install gawk            5.3.0-1                  
2025/01/13 06:56:22   64 install p11-kit-trust   0.23.20-1                
2025/01/13 06:56:22   65 install p11-kit         0.23.20-1                
2025/01/13 06:56:22   66 install tar             1.35-2                   
2025/01/13 06:56:22   67 install util-linux      2.39.3-2                 
2025/01/13 06:56:22   68 install findutils       4.10.0-1                 
2025/01/13 06:56:22   69 install ca-certificates 2024.2.69_v8.0.401-1     
2025/01/13 06:56:22   70 install man-db          2.13.0-1                 
2025/01/13 06:56:22   71 install base-files      4.3-3                    
2025/01/13 06:56:22   72 install libssl3         3.0.15-1                 
2025/01/13 06:56:22   73 install libssl1.1       1.1.1w-1                 
2025/01/13 06:56:22   74 install openssl         3.0.15-1                 
2025/01/13 06:56:24 Downloaded C:\Users\user1\Downloads/https%3a%2f%2fmirrors.163.com%2fcygwin%2f/x86_64/release/popt/libpopt-common/libpopt-common-1.19-1.tar.xz
2025/01/13 06:56:26 Downloaded C:\Users\user1\Downloads/https%3a%2f%2fmirrors.163.com%2fcygwin%2f/x86_64/release/ncurses/terminfo/terminfo-6.5+20240427-1.tar.xz
2025/01/13 06:56:30 Downloaded C:\Users\user1\Downloads/https%3a%2f%2fmirrors.163.com%2fcygwin%2f/noarch/release/tzdata/tzdata-2024b-1.tar.xz
2025/01/13 06:56:34 Downloaded C:\Users\user1\Downloads/https%3a%2f%2fmirrors.163.com%2fcygwin%2f/x86_64/release/cygwin/cygwin-3.5.5-1.tar.xz
2025/01/13 06:56:35 Downloaded C:\Users\user1\Downloads/https%3a%2f%2fmirrors.163.com%2fcygwin%2f/x86_64/release/libiconv/libiconv2/libiconv2-1.17-1.tar.xz
2025/01/13 06:56:35 Downloaded C:\Users\user1\Downloads/https%3a%2f%2fmirrors.163.com%2fcygwin%2f/x86_64/release/gettext/libintl8/libintl8-0.22.5-1.tar.xz
2025/01/13 06:56:36 Downloaded C:\Users\user1\Downloads/https%3a%2f%2fmirrors.163.com%2fcygwin%2f/x86_64/release/ncurses/libncursesw10/libncursesw10-6.5+20240427-1.tar.xz
2025/01/13 06:56:36 Downloaded C:\Users\user1\Downloads/https%3a%2f%2fmirrors.163.com%2fcygwin%2f/x86_64/release/readline/libreadline7/libreadline7-8.2-2.tar.xz
2025/01/13 06:56:38 Downloaded C:\Users\user1\Downloads/https%3a%2f%2fmirrors.163.com%2fcygwin%2f/x86_64/release/bash/bash-5.2.21-1.tar.xz
2025/01/13 06:56:38 Downloaded C:\Users\user1\Downloads/https%3a%2f%2fmirrors.163.com%2fcygwin%2f/x86_64/release/gcc/libgcc1/libgcc1-12.4.0-3.tar.zst
2025/01/13 06:56:39 Downloaded C:\Users\user1\Downloads/https%3a%2f%2fmirrors.163.com%2fcygwin%2f/noarch/release/crypto-policies/crypto-policies-20190218-1.tar.xz
2025/01/13 06:56:40 Downloaded C:\Users\user1\Downloads/https%3a%2f%2fmirrors.163.com%2fcygwin%2f/noarch/release/base-cygwin/base-cygwin-3.8-2.tar.xz
2025/01/13 06:56:40 Downloaded C:\Users\user1\Downloads/https%3a%2f%2fmirrors.163.com%2fcygwin%2f/x86_64/release/zstd/libzstd1/libzstd1-1.5.6-1.tar.zst
2025/01/13 06:56:41 Downloaded C:\Users\user1\Downloads/https%3a%2f%2fmirrors.163.com%2fcygwin%2f/x86_64/release/zlib/zlib0/zlib0-1.3.1-1.tar.zst
2025/01/13 06:56:41 Downloaded C:\Users\user1\Downloads/https%3a%2f%2fmirrors.163.com%2fcygwin%2f/x86_64/release/which/which-2.20-2.tar.bz2
2025/01/13 06:56:42 Downloaded C:\Users\user1\Downloads/https%3a%2f%2fmirrors.163.com%2fcygwin%2f/x86_64/release/vim/vim-minimal/vim-minimal-9.0.2155-2.tar.xz
2025/01/13 06:56:42 Downloaded C:\Users\user1\Downloads/https%3a%2f%2fmirrors.163.com%2fcygwin%2f/x86_64/release/tzcode/tzcode-2024b-1.tar.xz
2025/01/13 06:56:43 Downloaded C:\Users\user1\Downloads/https%3a%2f%2fmirrors.163.com%2fcygwin%2f/x86_64/release/sed/sed-4.9-1.tar.xz
2025/01/13 06:56:44 Downloaded C:\Users\user1\Downloads/https%3a%2f%2fmirrors.163.com%2fcygwin%2f/x86_64/release/run/run-1.3.4-2.tar.xz
2025/01/13 06:56:44 Downloaded C:\Users\user1\Downloads/https%3a%2f%2fmirrors.163.com%2fcygwin%2f/x86_64/release/ncurses/ncurses-6.5+20240427-1.tar.xz
2025/01/13 06:56:45 Downloaded C:\Users\user1\Downloads/https%3a%2f%2fmirrors.163.com%2fcygwin%2f/x86_64/release/mintty/mintty-3.7.7-1.tar.xz
2025/01/13 06:56:45 Downloaded C:\Users\user1\Downloads/https%3a%2f%2fmirrors.163.com%2fcygwin%2f/x86_64/release/login/login-1.13-1.tar.xz
2025/01/13 06:56:46 Downloaded C:\Users\user1\Downloads/https%3a%2f%2fmirrors.163.com%2fcygwin%2f/x86_64/release/util-linux/libuuid1/libuuid1-2.39.3-2.tar.xz
2025/01/13 06:56:46 Downloaded C:\Users\user1\Downloads/https%3a%2f%2fmirrors.163.com%2fcygwin%2f/x86_64/release/libtasn1/libtasn1_6/libtasn1_6-4.14-1.tar.xz
2025/01/13 06:56:47 Downloaded C:\Users\user1\Downloads/https%3a%2f%2fmirrors.163.com%2fcygwin%2f/x86_64/release/gcc/libstdc++6/libstdc++6-12.4.0-3.tar.zst
2025/01/13 06:56:48 Downloaded C:\Users\user1\Downloads/https%3a%2f%2fmirrors.163.com%2fcygwin%2f/x86_64/release/util-linux/libsmartcols1/libsmartcols1-2.39.3-2.tar.xz
2025/01/13 06:56:49 Downloaded C:\Users\user1\Downloads/https%3a%2f%2fmirrors.163.com%2fcygwin%2f/x86_64/release/popt/libpopt0/libpopt0-1.19-1.tar.xz
2025/01/13 06:56:49 Downloaded C:\Users\user1\Downloads/https%3a%2f%2fmirrors.163.com%2fcygwin%2f/x86_64/release/libpipeline/libpipeline1/libpipeline1-1.5.6-1.tar.xz
2025/01/13 06:56:50 Downloaded C:\Users\user1\Downloads/https%3a%2f%2fmirrors.163.com%2fcygwin%2f/x86_64/release/pcre2/libpcre2_8_0/libpcre2_8_0-10.44-1.tar.zst
2025/01/13 06:56:50 Downloaded C:\Users\user1\Downloads/https%3a%2f%2fmirrors.163.com%2fcygwin%2f/x86_64/release/pcre/libpcre1/libpcre1-8.45-1.tar.zst
2025/01/13 06:56:50 Downloaded C:\Users\user1\Downloads/https%3a%2f%2fmirrors.163.com%2fcygwin%2f/x86_64/release/xz/liblzma5/liblzma5-5.6.3-1.tar.zst
2025/01/13 06:56:51 Downloaded C:\Users\user1\Downloads/https%3a%2f%2fmirrors.163.com%2fcygwin%2f/x86_64/release/lz4/liblz4_1/liblz4_1-1.9.4-1.tar.xz
2025/01/13 06:56:51 Downloaded C:\Users\user1\Downloads/https%3a%2f%2fmirrors.163.com%2fcygwin%2f/x86_64/release/gmp/libgmp10/libgmp10-6.3.0-1.tar.zst
2025/01/13 06:56:52 Downloaded C:\Users\user1\Downloads/https%3a%2f%2fmirrors.163.com%2fcygwin%2f/x86_64/release/gdbm/libgdbm6/libgdbm6-1.24-1.tar.xz
2025/01/13 06:56:53 Downloaded C:\Users\user1\Downloads/https%3a%2f%2fmirrors.163.com%2fcygwin%2f/x86_64/release/libffi/libffi6/libffi6-3.2.1-2.tar.xz
2025/01/13 06:56:53 Downloaded C:\Users\user1\Downloads/https%3a%2f%2fmirrors.163.com%2fcygwin%2f/x86_64/release/bzip2/libbz2_1/libbz2_1-1.0.8-1.tar.xz
2025/01/13 06:56:54 Downloaded C:\Users\user1\Downloads/https%3a%2f%2fmirrors.163.com%2fcygwin%2f/x86_64/release/util-linux/libblkid1/libblkid1-2.39.3-2.tar.xz
2025/01/13 06:56:55 Downloaded C:\Users\user1\Downloads/https%3a%2f%2fmirrors.163.com%2fcygwin%2f/x86_64/release/attr/libattr1/libattr1-2.5.1-1.20.g0981a7bfe487.tar.xz
2025/01/13 06:56:55 Downloaded C:\Users\user1\Downloads/https%3a%2f%2fmirrors.163.com%2fcygwin%2f/x86_64/release/libargp/libargp-20230708-2.tar.xz
2025/01/13 06:56:55 Downloaded C:\Users\user1\Downloads/https%3a%2f%2fmirrors.163.com%2fcygwin%2f/x86_64/release/ipc-utils/ipc-utils-1.1-1.tar.xz
2025/01/13 06:56:55 Downloaded C:\Users\user1\Downloads/https%3a%2f%2fmirrors.163.com%2fcygwin%2f/x86_64/release/hostname/hostname-3.13-1.tar.bz2
2025/01/13 06:56:56 Downloaded C:\Users\user1\Downloads/https%3a%2f%2fmirrors.163.com%2fcygwin%2f/x86_64/release/gzip/gzip-1.13-1.tar.xz
2025/01/13 06:56:56 Downloaded C:\Users\user1\Downloads/https%3a%2f%2fmirrors.163.com%2fcygwin%2f/x86_64/release/editrights/editrights-1.04-1.tar.xz
2025/01/13 06:56:57 Downloaded C:\Users\user1\Downloads/https%3a%2f%2fmirrors.163.com%2fcygwin%2f/x86_64/release/diffutils/diffutils-3.10-1.tar.xz
2025/01/13 06:56:57 Downloaded C:\Users\user1\Downloads/https%3a%2f%2fmirrors.163.com%2fcygwin%2f/x86_64/release/dash/dash-0.5.12-5.tar.xz
2025/01/13 06:56:57 Downloaded C:\Users\user1\Downloads/https%3a%2f%2fmirrors.163.com%2fcygwin%2f/x86_64/release/alternatives/alternatives-1.31-1.tar.xz
2025/01/13 06:56:58 Downloaded C:\Users\user1\Downloads/https%3a%2f%2fmirrors.163.com%2fcygwin%2f/x86_64/release/uchardet/libuchardet0/libuchardet0-0.0.8-1.tar.zst
2025/01/13 06:56:58 Downloaded C:\Users\user1\Downloads/https%3a%2f%2fmirrors.163.com%2fcygwin%2f/x86_64/release/cygutils/cygutils-1.4.17-1.tar.xz
2025/01/13 06:56:58 Downloaded C:\Users\user1\Downloads/https%3a%2f%2fmirrors.163.com%2fcygwin%2f/x86_64/release/grep/grep-3.11-1.tar.xz
2025/01/13 06:56:59 Downloaded C:\Users\user1\Downloads/https%3a%2f%2fmirrors.163.com%2fcygwin%2f/x86_64/release/less/less-668-1.tar.xz
2025/01/13 06:56:59 Downloaded C:\Users\user1\Downloads/https%3a%2f%2fmirrors.163.com%2fcygwin%2f/x86_64/release/xz/xz-5.6.3-1.tar.zst
2025/01/13 06:57:00 Downloaded C:\Users\user1\Downloads/https%3a%2f%2fmirrors.163.com%2fcygwin%2f/x86_64/release/zstd/zstd-1.5.6-1.tar.zst
2025/01/13 06:57:00 Downloaded C:\Users\user1\Downloads/https%3a%2f%2fmirrors.163.com%2fcygwin%2f/x86_64/release/mpfr/libmpfr6/libmpfr6-4.2.1-1.tar.zst
2025/01/13 06:57:01 Downloaded C:\Users\user1\Downloads/https%3a%2f%2fmirrors.163.com%2fcygwin%2f/x86_64/release/p11-kit/libp11-kit0/libp11-kit0-0.23.20-1.tar.xz
2025/01/13 06:57:01 Downloaded C:\Users\user1\Downloads/https%3a%2f%2fmirrors.163.com%2fcygwin%2f/x86_64/release/file/file-5.44-1.tar.xz
2025/01/13 06:57:02 Downloaded C:\Users\user1\Downloads/https%3a%2f%2fmirrors.163.com%2fcygwin%2f/x86_64/release/bzip2/bzip2-1.0.8-1.tar.xz
2025/01/13 06:57:02 Downloaded C:\Users\user1\Downloads/https%3a%2f%2fmirrors.163.com%2fcygwin%2f/x86_64/release/util-linux/libfdisk1/libfdisk1-2.39.3-2.tar.xz
2025/01/13 06:57:03 Downloaded C:\Users\user1\Downloads/https%3a%2f%2fmirrors.163.com%2fcygwin%2f/x86_64/release/coreutils/coreutils-9.0-1.tar.xz
2025/01/13 06:57:04 Downloaded C:\Users\user1\Downloads/https%3a%2f%2fmirrors.163.com%2fcygwin%2f/x86_64/release/getent/getent-2.18.90-5.tar.xz
2025/01/13 06:57:04 Downloaded C:\Users\user1\Downloads/https%3a%2f%2fmirrors.163.com%2fcygwin%2f/x86_64/release/rebase/rebase-4.6.6-1.tar.xz
2025/01/13 06:57:05 Downloaded C:\Users\user1\Downloads/https%3a%2f%2fmirrors.163.com%2fcygwin%2f/x86_64/release/texinfo/info/info-7.1-2.tar.zst
2025/01/13 06:57:05 Downloaded C:\Users\user1\Downloads/https%3a%2f%2fmirrors.163.com%2fcygwin%2f/noarch/release/_autorebase/_autorebase-001091-1.tar.zst
2025/01/13 06:57:08 Downloaded C:\Users\user1\Downloads/https%3a%2f%2fmirrors.163.com%2fcygwin%2f/x86_64/release/groff/groff-1.23.0-1.tar.zst
2025/01/13 06:57:08 Downloaded C:\Users\user1\Downloads/https%3a%2f%2fmirrors.163.com%2fcygwin%2f/x86_64/release/gawk/gawk-5.3.0-1.tar.xz
2025/01/13 06:57:08 Downloaded C:\Users\user1\Downloads/https%3a%2f%2fmirrors.163.com%2fcygwin%2f/x86_64/release/p11-kit/p11-kit-trust/p11-kit-trust-0.23.20-1.tar.xz
2025/01/13 06:57:09 Downloaded C:\Users\user1\Downloads/https%3a%2f%2fmirrors.163.com%2fcygwin%2f/x86_64/release/p11-kit/p11-kit-0.23.20-1.tar.xz
2025/01/13 06:57:09 Downloaded C:\Users\user1\Downloads/https%3a%2f%2fmirrors.163.com%2fcygwin%2f/x86_64/release/tar/tar-1.35-2.tar.zst
2025/01/13 06:57:10 Downloaded C:\Users\user1\Downloads/https%3a%2f%2fmirrors.163.com%2fcygwin%2f/x86_64/release/util-linux/util-linux-2.39.3-2.tar.xz
2025/01/13 06:57:10 Downloaded C:\Users\user1\Downloads/https%3a%2f%2fmirrors.163.com%2fcygwin%2f/x86_64/release/findutils/findutils-4.10.0-1.tar.xz
2025/01/13 06:57:10 Downloaded C:\Users\user1\Downloads/https%3a%2f%2fmirrors.163.com%2fcygwin%2f/noarch/release/ca-certificates/ca-certificates-2024.2.69_v8.0.401-1.tar.zst
2025/01/13 06:57:11 Downloaded C:\Users\user1\Downloads/https%3a%2f%2fmirrors.163.com%2fcygwin%2f/x86_64/release/man-db/man-db-2.13.0-1.tar.zst
2025/01/13 06:57:11 Downloaded C:\Users\user1\Downloads/https%3a%2f%2fmirrors.163.com%2fcygwin%2f/noarch/release/base-files/base-files-4.3-3.tar.zst
2025/01/13 06:57:12 Downloaded C:\Users\user1\Downloads/https%3a%2f%2fmirrors.163.com%2fcygwin%2f/x86_64/release/openssl/libssl3/libssl3-3.0.15-1.tar.zst
2025/01/13 06:57:13 Downloaded C:\Users\user1\Downloads/https%3a%2f%2fmirrors.163.com%2fcygwin%2f/x86_64/release/openssl/libssl1.1/libssl1.1-1.1.1w-1.tar.zst
2025/01/13 06:57:13 Downloaded C:\Users\user1\Downloads/https%3a%2f%2fmirrors.163.com%2fcygwin%2f/x86_64/release/openssl/openssl-3.0.15-1.tar.zst
2025/01/13 06:57:52 note: Download Complete
2025/01/13 06:57:52 Ending cygwin install
2025/01/13 06:59:47 Starting cygwin install, version 2.932
2025/01/13 06:59:47 User has backup/restore rights
2025/01/13 06:59:47 User has symlink creation right
2025/01/13 06:59:47 Current Directory: C:\Users\user1\Downloads
2025/01/13 06:59:52 source: download
2025/01/13 06:59:53 Selected local directory: C:\Users\user1\Downloads
2025/01/13 06:59:55 net: Direct
2025/01/13 06:59:57 site: https://mirrors.aliyun.com/cygwin/
2025/01/13 07:00:12 io_stream_cygfile: fopen(/etc/setup/installed.db) failed 2 No such file or directory
2025/01/13 07:00:15 solving: 38 tasks, update: yes, use test packages: no
2025/01/13 07:00:19 solving: 75 tasks, update: no, use test packages: no
2025/01/13 07:00:19 Augmented Transaction List:
2025/01/13 07:00:19    0 install libpopt-common  1.19-1                   
2025/01/13 07:00:19    1 install terminfo        6.5+20240427-1           
2025/01/13 07:00:19    2 install tzdata          2024b-1                  
2025/01/13 07:00:19    3 install cygwin          3.5.5-1                  
2025/01/13 07:00:19    4 install libiconv2       1.17-1                   
2025/01/13 07:00:19    5 install libintl8        0.22.5-1                 
2025/01/13 07:00:19    6 install libncursesw10   6.5+20240427-1           
2025/01/13 07:00:19    7 install libreadline7    8.2-2                    
2025/01/13 07:00:19    8 install bash            5.2.21-1                 
2025/01/13 07:00:19    9 install libgcc1         12.4.0-3                 
2025/01/13 07:00:19   10 install crypto-policies 20190218-1               
2025/01/13 07:00:19   11 install base-cygwin     3.8-2                    
2025/01/13 07:00:19   12 install libzstd1        1.5.6-1                  
2025/01/13 07:00:19   13 install zlib0           1.3.1-1                  
2025/01/13 07:00:19   14 install which           2.20-2                   
2025/01/13 07:00:19   15 install vim-minimal     9.0.2155-2               
2025/01/13 07:00:19   16 install tzcode          2024b-1                  
2025/01/13 07:00:19   17 install sed             4.9-1                    
2025/01/13 07:00:19   18 install run             1.3.4-2                  
2025/01/13 07:00:19   19 install ncurses         6.5+20240427-1           
2025/01/13 07:00:19   20 install mintty          3.7.7-1                  
2025/01/13 07:00:19   21 install login           1.13-1                   
2025/01/13 07:00:19   22 install libuuid1        2.39.3-2                 
2025/01/13 07:00:19   23 install libtasn1_6      4.14-1                   
2025/01/13 07:00:19   24 install libstdc++6      12.4.0-3                 
2025/01/13 07:00:19   25 install libsmartcols1   2.39.3-2                 
2025/01/13 07:00:19   26 install libpopt0        1.19-1                   
2025/01/13 07:00:19   27 install libpipeline1    1.5.6-1                  
2025/01/13 07:00:19   28 install libpcre2_8_0    10.44-1                  
2025/01/13 07:00:19   29 install libpcre1        8.45-1                   
2025/01/13 07:00:19   30 install liblzma5        5.6.3-1                  
2025/01/13 07:00:19   31 install liblz4_1        1.9.4-1                  
2025/01/13 07:00:19   32 install libgmp10        6.3.0-1                  
2025/01/13 07:00:19   33 install libgdbm6        1.24-1                   
2025/01/13 07:00:19   34 install libffi6         3.2.1-2                  
2025/01/13 07:00:19   35 install libbz2_1        1.0.8-1                  
2025/01/13 07:00:19   36 install libblkid1       2.39.3-2                 
2025/01/13 07:00:19   37 install libattr1        2.5.1-1.20.g0981a7bfe487 
2025/01/13 07:00:19   38 install libargp         20230708-2               
2025/01/13 07:00:19   39 install ipc-utils       1.1-1                    
2025/01/13 07:00:19   40 install hostname        3.13-1                   
2025/01/13 07:00:19   41 install gzip            1.13-1                   
2025/01/13 07:00:19   42 install editrights      1.04-1                   
2025/01/13 07:00:19   43 install diffutils       3.10-1                   
2025/01/13 07:00:19   44 install dash            0.5.12-5                 
2025/01/13 07:00:19   45 install alternatives    1.31-1                   
2025/01/13 07:00:19   46 install libuchardet0    0.0.8-1                  
2025/01/13 07:00:19   47 install cygutils        1.4.17-1                 
2025/01/13 07:00:19   48 install grep            3.11-1                   
2025/01/13 07:00:19   49 install less            668-1                    
2025/01/13 07:00:19   50 install xz              5.6.3-1                  
2025/01/13 07:00:19   51 install zstd            1.5.6-1                  
2025/01/13 07:00:19   52 install libmpfr6        4.2.1-1                  
2025/01/13 07:00:19   53 install libp11-kit0     0.23.20-1                
2025/01/13 07:00:19   54 install file            5.44-1                   
2025/01/13 07:00:19   55 install bzip2           1.0.8-1                  
2025/01/13 07:00:19   56 install libfdisk1       2.39.3-2                 
2025/01/13 07:00:19   57 install coreutils       9.0-1                    
2025/01/13 07:00:19   58 install getent          2.18.90-5                
2025/01/13 07:00:19   59 install rebase          4.6.6-1                  
2025/01/13 07:00:19   60 install info            7.1-2                    
2025/01/13 07:00:19   61 install _autorebase     001091-1                 
2025/01/13 07:00:19   62 install groff           1.23.0-1                 
2025/01/13 07:00:19   63 install gawk            5.3.0-1                  
2025/01/13 07:00:19   64 install p11-kit-trust   0.23.20-1                
2025/01/13 07:00:19   65 install p11-kit         0.23.20-1                
2025/01/13 07:00:19   66 install tar             1.35-2                   
2025/01/13 07:00:19   67 install util-linux      2.39.3-2                 
2025/01/13 07:00:19   68 install findutils       4.10.0-1                 
2025/01/13 07:00:19   69 install ca-certificates 2024.2.69_v8.0.401-1     
2025/01/13 07:00:19   70 install man-db          2.13.0-1                 
2025/01/13 07:00:19   71 install base-files      4.3-3                    
2025/01/13 07:00:19   72 install libssl3         3.0.15-1                 
2025/01/13 07:00:19   73 install libssl1.1       1.1.1w-1                 
2025/01/13 07:00:19   74 install openssl         3.0.15-1                 
2025/01/13 07:00:34 Downloaded C:\Users\user1\Downloads/https%3a%2f%2fmirrors.aliyun.com%2fcygwin%2f/x86_64/release/popt/libpopt-common/libpopt-common-1.19-1.tar.xz
2025/01/13 07:00:35 Downloaded C:\Users\user1\Downloads/https%3a%2f%2fmirrors.aliyun.com%2fcygwin%2f/x86_64/release/ncurses/terminfo/terminfo-6.5+20240427-1.tar.xz
2025/01/13 07:00:35 Downloaded C:\Users\user1\Downloads/https%3a%2f%2fmirrors.aliyun.com%2fcygwin%2f/noarch/release/tzdata/tzdata-2024b-1.tar.xz
2025/01/13 07:00:36 Downloaded C:\Users\user1\Downloads/https%3a%2f%2fmirrors.aliyun.com%2fcygwin%2f/x86_64/release/cygwin/cygwin-3.5.5-1.tar.xz
2025/01/13 07:00:37 Downloaded C:\Users\user1\Downloads/https%3a%2f%2fmirrors.aliyun.com%2fcygwin%2f/x86_64/release/libiconv/libiconv2/libiconv2-1.17-1.tar.xz
2025/01/13 07:00:37 Downloaded C:\Users\user1\Downloads/https%3a%2f%2fmirrors.aliyun.com%2fcygwin%2f/x86_64/release/gettext/libintl8/libintl8-0.22.5-1.tar.xz
2025/01/13 07:00:39 Downloaded C:\Users\user1\Downloads/https%3a%2f%2fmirrors.aliyun.com%2fcygwin%2f/x86_64/release/ncurses/libncursesw10/libncursesw10-6.5+20240427-1.tar.xz
2025/01/13 07:00:39 Downloaded C:\Users\user1\Downloads/https%3a%2f%2fmirrors.aliyun.com%2fcygwin%2f/x86_64/release/readline/libreadline7/libreadline7-8.2-2.tar.xz
2025/01/13 07:00:40 Downloaded C:\Users\user1\Downloads/https%3a%2f%2fmirrors.aliyun.com%2fcygwin%2f/x86_64/release/bash/bash-5.2.21-1.tar.xz
2025/01/13 07:00:40 Downloaded C:\Users\user1\Downloads/https%3a%2f%2fmirrors.aliyun.com%2fcygwin%2f/x86_64/release/gcc/libgcc1/libgcc1-12.4.0-3.tar.zst
2025/01/13 07:00:41 Downloaded C:\Users\user1\Downloads/https%3a%2f%2fmirrors.aliyun.com%2fcygwin%2f/noarch/release/crypto-policies/crypto-policies-20190218-1.tar.xz
2025/01/13 07:00:41 Downloaded C:\Users\user1\Downloads/https%3a%2f%2fmirrors.aliyun.com%2fcygwin%2f/noarch/release/base-cygwin/base-cygwin-3.8-2.tar.xz
2025/01/13 07:00:41 Downloaded C:\Users\user1\Downloads/https%3a%2f%2fmirrors.aliyun.com%2fcygwin%2f/x86_64/release/zstd/libzstd1/libzstd1-1.5.6-1.tar.zst
2025/01/13 07:00:41 Downloaded C:\Users\user1\Downloads/https%3a%2f%2fmirrors.aliyun.com%2fcygwin%2f/x86_64/release/zlib/zlib0/zlib0-1.3.1-1.tar.zst
2025/01/13 07:00:41 Downloaded C:\Users\user1\Downloads/https%3a%2f%2fmirrors.aliyun.com%2fcygwin%2f/x86_64/release/which/which-2.20-2.tar.bz2
2025/01/13 07:00:42 Downloaded C:\Users\user1\Downloads/https%3a%2f%2fmirrors.aliyun.com%2fcygwin%2f/x86_64/release/vim/vim-minimal/vim-minimal-9.0.2155-2.tar.xz
2025/01/13 07:00:43 Downloaded C:\Users\user1\Downloads/https%3a%2f%2fmirrors.aliyun.com%2fcygwin%2f/x86_64/release/tzcode/tzcode-2024b-1.tar.xz
2025/01/13 07:00:43 Downloaded C:\Users\user1\Downloads/https%3a%2f%2fmirrors.aliyun.com%2fcygwin%2f/x86_64/release/sed/sed-4.9-1.tar.xz
2025/01/13 07:00:43 Downloaded C:\Users\user1\Downloads/https%3a%2f%2fmirrors.aliyun.com%2fcygwin%2f/x86_64/release/run/run-1.3.4-2.tar.xz
2025/01/13 07:00:44 Downloaded C:\Users\user1\Downloads/https%3a%2f%2fmirrors.aliyun.com%2fcygwin%2f/x86_64/release/ncurses/ncurses-6.5+20240427-1.tar.xz
2025/01/13 07:00:45 Downloaded C:\Users\user1\Downloads/https%3a%2f%2fmirrors.aliyun.com%2fcygwin%2f/x86_64/release/mintty/mintty-3.7.7-1.tar.xz
2025/01/13 07:00:45 Downloaded C:\Users\user1\Downloads/https%3a%2f%2fmirrors.aliyun.com%2fcygwin%2f/x86_64/release/login/login-1.13-1.tar.xz
2025/01/13 07:00:45 Downloaded C:\Users\user1\Downloads/https%3a%2f%2fmirrors.aliyun.com%2fcygwin%2f/x86_64/release/util-linux/libuuid1/libuuid1-2.39.3-2.tar.xz
2025/01/13 07:00:46 Downloaded C:\Users\user1\Downloads/https%3a%2f%2fmirrors.aliyun.com%2fcygwin%2f/x86_64/release/libtasn1/libtasn1_6/libtasn1_6-4.14-1.tar.xz
2025/01/13 07:00:46 Downloaded C:\Users\user1\Downloads/https%3a%2f%2fmirrors.aliyun.com%2fcygwin%2f/x86_64/release/gcc/libstdc++6/libstdc++6-12.4.0-3.tar.zst
2025/01/13 07:00:47 Downloaded C:\Users\user1\Downloads/https%3a%2f%2fmirrors.aliyun.com%2fcygwin%2f/x86_64/release/util-linux/libsmartcols1/libsmartcols1-2.39.3-2.tar.xz
2025/01/13 07:00:47 Downloaded C:\Users\user1\Downloads/https%3a%2f%2fmirrors.aliyun.com%2fcygwin%2f/x86_64/release/popt/libpopt0/libpopt0-1.19-1.tar.xz
2025/01/13 07:00:47 Downloaded C:\Users\user1\Downloads/https%3a%2f%2fmirrors.aliyun.com%2fcygwin%2f/x86_64/release/libpipeline/libpipeline1/libpipeline1-1.5.6-1.tar.xz
2025/01/13 07:00:47 Downloaded C:\Users\user1\Downloads/https%3a%2f%2fmirrors.aliyun.com%2fcygwin%2f/x86_64/release/pcre2/libpcre2_8_0/libpcre2_8_0-10.44-1.tar.zst
2025/01/13 07:00:48 Downloaded C:\Users\user1\Downloads/https%3a%2f%2fmirrors.aliyun.com%2fcygwin%2f/x86_64/release/pcre/libpcre1/libpcre1-8.45-1.tar.zst
2025/01/13 07:00:48 Downloaded C:\Users\user1\Downloads/https%3a%2f%2fmirrors.aliyun.com%2fcygwin%2f/x86_64/release/xz/liblzma5/liblzma5-5.6.3-1.tar.zst
2025/01/13 07:00:48 Downloaded C:\Users\user1\Downloads/https%3a%2f%2fmirrors.aliyun.com%2fcygwin%2f/x86_64/release/lz4/liblz4_1/liblz4_1-1.9.4-1.tar.xz
2025/01/13 07:00:49 Downloaded C:\Users\user1\Downloads/https%3a%2f%2fmirrors.aliyun.com%2fcygwin%2f/x86_64/release/gmp/libgmp10/libgmp10-6.3.0-1.tar.zst
2025/01/13 07:00:49 Downloaded C:\Users\user1\Downloads/https%3a%2f%2fmirrors.aliyun.com%2fcygwin%2f/x86_64/release/gdbm/libgdbm6/libgdbm6-1.24-1.tar.xz
2025/01/13 07:00:49 Downloaded C:\Users\user1\Downloads/https%3a%2f%2fmirrors.aliyun.com%2fcygwin%2f/x86_64/release/libffi/libffi6/libffi6-3.2.1-2.tar.xz
2025/01/13 07:00:50 Downloaded C:\Users\user1\Downloads/https%3a%2f%2fmirrors.aliyun.com%2fcygwin%2f/x86_64/release/bzip2/libbz2_1/libbz2_1-1.0.8-1.tar.xz
2025/01/13 07:00:50 Downloaded C:\Users\user1\Downloads/https%3a%2f%2fmirrors.aliyun.com%2fcygwin%2f/x86_64/release/util-linux/libblkid1/libblkid1-2.39.3-2.tar.xz
2025/01/13 07:00:51 Downloaded C:\Users\user1\Downloads/https%3a%2f%2fmirrors.aliyun.com%2fcygwin%2f/x86_64/release/attr/libattr1/libattr1-2.5.1-1.20.g0981a7bfe487.tar.xz
2025/01/13 07:00:51 Downloaded C:\Users\user1\Downloads/https%3a%2f%2fmirrors.aliyun.com%2fcygwin%2f/x86_64/release/libargp/libargp-20230708-2.tar.xz
2025/01/13 07:00:52 Downloaded C:\Users\user1\Downloads/https%3a%2f%2fmirrors.aliyun.com%2fcygwin%2f/x86_64/release/ipc-utils/ipc-utils-1.1-1.tar.xz
2025/01/13 07:00:52 Downloaded C:\Users\user1\Downloads/https%3a%2f%2fmirrors.aliyun.com%2fcygwin%2f/x86_64/release/hostname/hostname-3.13-1.tar.bz2
2025/01/13 07:00:52 Downloaded C:\Users\user1\Downloads/https%3a%2f%2fmirrors.aliyun.com%2fcygwin%2f/x86_64/release/gzip/gzip-1.13-1.tar.xz
2025/01/13 07:00:53 Downloaded C:\Users\user1\Downloads/https%3a%2f%2fmirrors.aliyun.com%2fcygwin%2f/x86_64/release/editrights/editrights-1.04-1.tar.xz
2025/01/13 07:00:53 Downloaded C:\Users\user1\Downloads/https%3a%2f%2fmirrors.aliyun.com%2fcygwin%2f/x86_64/release/diffutils/diffutils-3.10-1.tar.xz
2025/01/13 07:00:54 Downloaded C:\Users\user1\Downloads/https%3a%2f%2fmirrors.aliyun.com%2fcygwin%2f/x86_64/release/dash/dash-0.5.12-5.tar.xz
2025/01/13 07:00:55 Downloaded C:\Users\user1\Downloads/https%3a%2f%2fmirrors.aliyun.com%2fcygwin%2f/x86_64/release/alternatives/alternatives-1.31-1.tar.xz
2025/01/13 07:00:55 Downloaded C:\Users\user1\Downloads/https%3a%2f%2fmirrors.aliyun.com%2fcygwin%2f/x86_64/release/uchardet/libuchardet0/libuchardet0-0.0.8-1.tar.zst
2025/01/13 07:00:57 Downloaded C:\Users\user1\Downloads/https%3a%2f%2fmirrors.aliyun.com%2fcygwin%2f/x86_64/release/cygutils/cygutils-1.4.17-1.tar.xz
2025/01/13 07:00:58 Downloaded C:\Users\user1\Downloads/https%3a%2f%2fmirrors.aliyun.com%2fcygwin%2f/x86_64/release/grep/grep-3.11-1.tar.xz
2025/01/13 07:00:58 Downloaded C:\Users\user1\Downloads/https%3a%2f%2fmirrors.aliyun.com%2fcygwin%2f/x86_64/release/less/less-668-1.tar.xz
2025/01/13 07:00:58 Downloaded C:\Users\user1\Downloads/https%3a%2f%2fmirrors.aliyun.com%2fcygwin%2f/x86_64/release/xz/xz-5.6.3-1.tar.zst
2025/01/13 07:00:59 Downloaded C:\Users\user1\Downloads/https%3a%2f%2fmirrors.aliyun.com%2fcygwin%2f/x86_64/release/zstd/zstd-1.5.6-1.tar.zst
2025/01/13 07:00:59 Downloaded C:\Users\user1\Downloads/https%3a%2f%2fmirrors.aliyun.com%2fcygwin%2f/x86_64/release/mpfr/libmpfr6/libmpfr6-4.2.1-1.tar.zst
2025/01/13 07:00:59 Downloaded C:\Users\user1\Downloads/https%3a%2f%2fmirrors.aliyun.com%2fcygwin%2f/x86_64/release/p11-kit/libp11-kit0/libp11-kit0-0.23.20-1.tar.xz
2025/01/13 07:01:01 Downloaded C:\Users\user1\Downloads/https%3a%2f%2fmirrors.aliyun.com%2fcygwin%2f/x86_64/release/file/file-5.44-1.tar.xz
2025/01/13 07:01:03 Downloaded C:\Users\user1\Downloads/https%3a%2f%2fmirrors.aliyun.com%2fcygwin%2f/x86_64/release/bzip2/bzip2-1.0.8-1.tar.xz
2025/01/13 07:01:04 Downloaded C:\Users\user1\Downloads/https%3a%2f%2fmirrors.aliyun.com%2fcygwin%2f/x86_64/release/util-linux/libfdisk1/libfdisk1-2.39.3-2.tar.xz
2025/01/13 07:01:05 Downloaded C:\Users\user1\Downloads/https%3a%2f%2fmirrors.aliyun.com%2fcygwin%2f/x86_64/release/coreutils/coreutils-9.0-1.tar.xz
2025/01/13 07:01:05 Downloaded C:\Users\user1\Downloads/https%3a%2f%2fmirrors.aliyun.com%2fcygwin%2f/x86_64/release/getent/getent-2.18.90-5.tar.xz
2025/01/13 07:01:06 Downloaded C:\Users\user1\Downloads/https%3a%2f%2fmirrors.aliyun.com%2fcygwin%2f/x86_64/release/rebase/rebase-4.6.6-1.tar.xz
2025/01/13 07:01:06 Downloaded C:\Users\user1\Downloads/https%3a%2f%2fmirrors.aliyun.com%2fcygwin%2f/x86_64/release/texinfo/info/info-7.1-2.tar.zst
2025/01/13 07:01:06 Downloaded C:\Users\user1\Downloads/https%3a%2f%2fmirrors.aliyun.com%2fcygwin%2f/noarch/release/_autorebase/_autorebase-001091-1.tar.zst
2025/01/13 07:01:08 Downloaded C:\Users\user1\Downloads/https%3a%2f%2fmirrors.aliyun.com%2fcygwin%2f/x86_64/release/groff/groff-1.23.0-1.tar.zst
2025/01/13 07:01:08 Downloaded C:\Users\user1\Downloads/https%3a%2f%2fmirrors.aliyun.com%2fcygwin%2f/x86_64/release/gawk/gawk-5.3.0-1.tar.xz
2025/01/13 07:01:09 Downloaded C:\Users\user1\Downloads/https%3a%2f%2fmirrors.aliyun.com%2fcygwin%2f/x86_64/release/p11-kit/p11-kit-trust/p11-kit-trust-0.23.20-1.tar.xz
2025/01/13 07:01:09 Downloaded C:\Users\user1\Downloads/https%3a%2f%2fmirrors.aliyun.com%2fcygwin%2f/x86_64/release/p11-kit/p11-kit-0.23.20-1.tar.xz
2025/01/13 07:01:09 Downloaded C:\Users\user1\Downloads/https%3a%2f%2fmirrors.aliyun.com%2fcygwin%2f/x86_64/release/tar/tar-1.35-2.tar.zst
2025/01/13 07:01:11 Downloaded C:\Users\user1\Downloads/https%3a%2f%2fmirrors.aliyun.com%2fcygwin%2f/x86_64/release/util-linux/util-linux-2.39.3-2.tar.xz
2025/01/13 07:01:13 Downloaded C:\Users\user1\Downloads/https%3a%2f%2fmirrors.aliyun.com%2fcygwin%2f/x86_64/release/findutils/findutils-4.10.0-1.tar.xz
2025/01/13 07:01:13 Downloaded C:\Users\user1\Downloads/https%3a%2f%2fmirrors.aliyun.com%2fcygwin%2f/noarch/release/ca-certificates/ca-certificates-2024.2.69_v8.0.401-1.tar.zst
2025/01/13 07:01:13 Downloaded C:\Users\user1\Downloads/https%3a%2f%2fmirrors.aliyun.com%2fcygwin%2f/x86_64/release/man-db/man-db-2.13.0-1.tar.zst
2025/01/13 07:01:14 Downloaded C:\Users\user1\Downloads/https%3a%2f%2fmirrors.aliyun.com%2fcygwin%2f/noarch/release/base-files/base-files-4.3-3.tar.zst
2025/01/13 07:01:14 Downloaded C:\Users\user1\Downloads/https%3a%2f%2fmirrors.aliyun.com%2fcygwin%2f/x86_64/release/openssl/libssl3/libssl3-3.0.15-1.tar.zst
2025/01/13 07:01:14 Downloaded C:\Users\user1\Downloads/https%3a%2f%2fmirrors.aliyun.com%2fcygwin%2f/x86_64/release/openssl/libssl1.1/libssl1.1-1.1.1w-1.tar.zst
2025/01/13 07:01:15 Downloaded C:\Users\user1\Downloads/https%3a%2f%2fmirrors.aliyun.com%2fcygwin%2f/x86_64/release/openssl/openssl-3.0.15-1.tar.zst
2025/01/13 07:02:53 solving: 0 tasks, update: yes, use test packages: no
2025/01/13 07:03:00 solving: 0 tasks, update: yes, use test packages: no
2025/01/13 07:03:01 solving: 0 tasks, update: yes, use test packages: no
2025/01/13 07:03:20 solving: 0 tasks, update: yes, use test packages: no
2025/01/13 07:03:22 solving: 0 tasks, update: yes, use test packages: no
2025/01/13 07:03:24 solving: 0 tasks, update: yes, use test packages: no
2025/01/13 07:03:28 solving: 75 tasks, update: no, use test packages: no
2025/01/13 07:03:28 Augmented Transaction List:
2025/01/13 07:03:28    0 install libpopt-common  1.19-1                   
2025/01/13 07:03:28    1 install terminfo        6.5+20240427-1           
2025/01/13 07:03:28    2 install tzdata          2024b-1                  
2025/01/13 07:03:28    3 install cygwin          3.5.5-1                  
2025/01/13 07:03:28    4 install libiconv2       1.17-1                   
2025/01/13 07:03:28    5 install libintl8        0.22.5-1                 
2025/01/13 07:03:28    6 install libncursesw10   6.5+20240427-1           
2025/01/13 07:03:28    7 install libreadline7    8.2-2                    
2025/01/13 07:03:28    8 install bash            5.2.21-1                 
2025/01/13 07:03:28    9 install libgcc1         12.4.0-3                 
2025/01/13 07:03:28   10 install crypto-policies 20190218-1               
2025/01/13 07:03:28   11 install base-cygwin     3.8-2                    
2025/01/13 07:03:28   12 install libzstd1        1.5.6-1                  
2025/01/13 07:03:28   13 install zlib0           1.3.1-1                  
2025/01/13 07:03:28   14 install which           2.20-2                   
2025/01/13 07:03:28   15 install vim-minimal     9.0.2155-2               
2025/01/13 07:03:28   16 install tzcode          2024b-1                  
2025/01/13 07:03:28   17 install sed             4.9-1                    
2025/01/13 07:03:28   18 install run             1.3.4-2                  
2025/01/13 07:03:28   19 install ncurses         6.5+20240427-1           
2025/01/13 07:03:28   20 install mintty          3.7.7-1                  
2025/01/13 07:03:28   21 install login           1.13-1                   
2025/01/13 07:03:28   22 install libuuid1        2.39.3-2                 
2025/01/13 07:03:28   23 install libtasn1_6      4.14-1                   
2025/01/13 07:03:28   24 install libstdc++6      12.4.0-3                 
2025/01/13 07:03:28   25 install libsmartcols1   2.39.3-2                 
2025/01/13 07:03:28   26 install libpopt0        1.19-1                   
2025/01/13 07:03:28   27 install libpipeline1    1.5.6-1                  
2025/01/13 07:03:28   28 install libpcre2_8_0    10.44-1                  
2025/01/13 07:03:28   29 install libpcre1        8.45-1                   
2025/01/13 07:03:28   30 install liblzma5        5.6.3-1                  
2025/01/13 07:03:28   31 install liblz4_1        1.9.4-1                  
2025/01/13 07:03:28   32 install libgmp10        6.3.0-1                  
2025/01/13 07:03:28   33 install libgdbm6        1.24-1                   
2025/01/13 07:03:28   34 install libffi6         3.2.1-2                  
2025/01/13 07:03:28   35 install libbz2_1        1.0.8-1                  
2025/01/13 07:03:28   36 install libblkid1       2.39.3-2                 
2025/01/13 07:03:28   37 install libattr1        2.5.1-1.20.g0981a7bfe487 
2025/01/13 07:03:28   38 install libargp         20230708-2               
2025/01/13 07:03:28   39 install ipc-utils       1.1-1                    
2025/01/13 07:03:28   40 install hostname        3.13-1                   
2025/01/13 07:03:28   41 install gzip            1.13-1                   
2025/01/13 07:03:28   42 install editrights      1.04-1                   
2025/01/13 07:03:28   43 install diffutils       3.10-1                   
2025/01/13 07:03:28   44 install dash            0.5.12-5                 
2025/01/13 07:03:28   45 install alternatives    1.31-1                   
2025/01/13 07:03:28   46 install libuchardet0    0.0.8-1                  
2025/01/13 07:03:28   47 install cygutils        1.4.17-1                 
2025/01/13 07:03:28   48 install grep            3.11-1                   
2025/01/13 07:03:28   49 install less            668-1                    
2025/01/13 07:03:28   50 install xz              5.6.3-1                  
2025/01/13 07:03:28   51 install zstd            1.5.6-1                  
2025/01/13 07:03:28   52 install libmpfr6        4.2.1-1                  
2025/01/13 07:03:28   53 install libp11-kit0     0.23.20-1                
2025/01/13 07:03:28   54 install file            5.44-1                   
2025/01/13 07:03:28   55 install bzip2           1.0.8-1                  
2025/01/13 07:03:28   56 install libfdisk1       2.39.3-2                 
2025/01/13 07:03:28   57 install coreutils       9.0-1                    
2025/01/13 07:03:28   58 install getent          2.18.90-5                
2025/01/13 07:03:28   59 install rebase          4.6.6-1                  
2025/01/13 07:03:28   60 install info            7.1-2                    
2025/01/13 07:03:28   61 install _autorebase     001091-1                 
2025/01/13 07:03:28   62 install groff           1.23.0-1                 
2025/01/13 07:03:28   63 install gawk            5.3.0-1                  
2025/01/13 07:03:28   64 install p11-kit-trust   0.23.20-1                
2025/01/13 07:03:28   65 install p11-kit         0.23.20-1                
2025/01/13 07:03:28   66 install tar             1.35-2                   
2025/01/13 07:03:28   67 install util-linux      2.39.3-2                 
2025/01/13 07:03:28   68 install findutils       4.10.0-1                 
2025/01/13 07:03:28   69 install ca-certificates 2024.2.69_v8.0.401-1     
2025/01/13 07:03:28   70 install man-db          2.13.0-1                 
2025/01/13 07:03:28   71 install base-files      4.3-3                    
2025/01/13 07:03:28   72 install libssl3         3.0.15-1                 
2025/01/13 07:03:28   73 install libssl1.1       1.1.1w-1                 
2025/01/13 07:03:28   74 install openssl         3.0.15-1                 
2025/01/13 07:03:55 note: Download Complete
2025/01/13 07:03:55 Ending cygwin install
